{"meta": {"version": "6.4.4", "timestamp": "2022-09-26T15:11:15.709034", "branch_coverage": true, "show_contexts": false}, "files": {"requests\\__init__.py": {"executed_lines": [6, 41, 43, 45, 47, 48, 52, 53, 54, 55, 58, 59, 60, 63, 67, 68, 70, 71, 72, 75, 80, 81, 82, 84, 89, 104, 105, 120, 121, 122, 126, 139, 141, 144, 145, 147, 148, 160, 161, 173, 174, 175, 177, 180], "summary": {"covered_lines": 44, "num_statements": 68, "percent_covered": 61.53846153846154, "percent_covered_display": "62", "missing_lines": 24, "excluded_lines": 0, "num_branches": 10, "num_partial_branches": 4, "covered_branches": 4, "missing_branches": 6}, "missing_lines": [49, 50, 64, 76, 77, 79, 86, 91, 92, 93, 94, 96, 97, 100, 108, 109, 123, 124, 127, 129, 132, 134, 135, 136], "excluded_lines": []}, "requests\\__version__.py": {"executed_lines": [5, 6, 7, 8, 9, 10, 11, 12, 13, 14], "summary": {"covered_lines": 10, "num_statements": 10, "percent_covered": 100.0, "percent_covered_display": "100", "missing_lines": 0, "excluded_lines": 0, "num_branches": 0, "num_partial_branches": 0, "covered_branches": 0, "missing_branches": 0}, "missing_lines": [], "excluded_lines": []}, "requests\\_internal_utils.py": {"executed_lines": [1, 8, 10, 12, 13, 14, 15, 17, 23, 36], "summary": {"covered_lines": 9, "num_statements": 19, "percent_covered": 42.857142857142854, "percent_covered_display": "43", "missing_lines": 10, "excluded_lines": 0, "num_branches": 2, "num_partial_branches": 0, "covered_branches": 0, "missing_branches": 2}, "missing_lines": [28, 29, 31, 33, 43, 44, 45, 46, 47, 48], "excluded_lines": []}, "requests\\adapters.py": {"executed_lines": [1, 9, 10, 12, 13, 14, 15, 21, 22, 23, 24, 25, 26, 27, 28, 30, 31, 32, 33, 45, 46, 47, 57, 58, 65, 66, 67, 68, 71, 72, 74, 77, 96, 101, 102, 128, 136, 158, 161, 174, 201, 239, 296, 333, 362, 372, 401, 415, 436], "summary": {"covered_lines": 46, "num_statements": 216, "percent_covered": 16.778523489932887, "percent_covered_display": "17", "missing_lines": 170, "excluded_lines": 0, "num_branches": 82, "num_partial_branches": 0, "covered_branches": 4, "missing_branches": 78}, "missing_lines": [59, 61, 62, 75, 94, 98, 143, 144, 146, 147, 148, 150, 152, 153, 154, 156, 159, 164, 165, 167, 168, 170, 189, 190, 191, 193, 213, 214, 215, 216, 217, 227, 228, 237, 251, 253, 256, 257, 259, 260, 262, 263, 268, 270, 271, 273, 275, 276, 277, 279, 280, 281, 282, 284, 285, 286, 287, 291, 292, 306, 309, 312, 315, 316, 317, 319, 320, 322, 325, 328, 329, 331, 342, 344, 345, 346, 347, 348, 352, 353, 356, 357, 358, 360, 368, 369, 370, 386, 387, 389, 390, 391, 392, 393, 395, 396, 397, 399, 413, 428, 429, 431, 432, 434, 455, 456, 457, 458, 460, 461, 462, 471, 473, 474, 475, 476, 477, 478, 482, 483, 485, 487, 488, 489, 504, 505, 507, 509, 510, 511, 518, 519, 521, 523, 524, 525, 526, 527, 528, 531, 533, 540, 543, 544, 546, 547, 549, 550, 552, 553, 555, 556, 558, 559, 561, 563, 565, 567, 568, 570, 571, 573, 574, 576, 577, 578, 579, 580, 582, 584], "excluded_lines": []}, "requests\\api.py": {"executed_lines": [1, 11, 14, 62, 76, 88, 103, 118, 133, 148], "summary": {"covered_lines": 9, "num_statements": 19, "percent_covered": 47.36842105263158, "percent_covered_display": "47", "missing_lines": 10, "excluded_lines": 0, "num_branches": 0, "num_partial_branches": 0, "covered_branches": 0, "missing_branches": 0}, "missing_lines": [58, 59, 73, 85, 99, 100, 115, 130, 145, 157], "excluded_lines": []}, "requests\\auth.py": {"executed_lines": [1, 8, 9, 10, 11, 12, 13, 14, 16, 17, 18, 19, 21, 22, 25, 69, 70, 72, 76, 77, 79, 83, 91, 94, 99, 100, 102, 107, 108, 110, 116, 126, 236, 241, 286, 306, 314], "summary": {"covered_lines": 32, "num_statements": 173, "percent_covered": 16.597510373443985, "percent_covered_display": "17", "missing_lines": 141, "excluded_lines": 0, "num_branches": 68, "num_partial_branches": 0, "covered_branches": 8, "missing_branches": 60}, "missing_lines": [35, 36, 43, 45, 46, 53, 56, 57, 59, 60, 62, 66, 73, 80, 81, 84, 92, 95, 96, 103, 104, 111, 112, 114, 118, 119, 120, 121, 122, 123, 124, 131, 132, 133, 134, 135, 136, 138, 139, 141, 143, 145, 146, 147, 148, 150, 151, 153, 154, 155, 156, 158, 159, 161, 162, 163, 164, 166, 167, 169, 170, 171, 172, 174, 176, 178, 179, 182, 183, 185, 186, 187, 189, 190, 192, 193, 195, 196, 198, 199, 200, 201, 202, 203, 205, 206, 207, 209, 210, 211, 212, 213, 216, 218, 221, 225, 226, 227, 228, 229, 230, 231, 232, 234, 238, 239, 250, 251, 252, 254, 257, 258, 260, 262, 263, 264, 268, 269, 270, 271, 272, 274, 277, 278, 279, 281, 283, 284, 288, 290, 291, 292, 293, 294, 299, 300, 301, 302, 304, 307, 315], "excluded_lines": []}, "requests\\certs.py": {"executed_lines": [3, 14, 16], "summary": {"covered_lines": 3, "num_statements": 4, "percent_covered": 66.66666666666667, "percent_covered_display": "67", "missing_lines": 1, "excluded_lines": 0, "num_branches": 2, "num_partial_branches": 1, "covered_branches": 1, "missing_branches": 1}, "missing_lines": [17], "excluded_lines": []}, "requests\\compat.py": {"executed_lines": [1, 10, 11, 12, 13, 15, 22, 25, 28, 31, 32, 33, 36, 37, 39, 42, 45, 46, 47, 48, 49, 54, 66, 74, 75, 76, 77, 78, 79], "summary": {"covered_lines": 28, "num_statements": 30, "percent_covered": 90.625, "percent_covered_display": "91", "missing_lines": 2, "excluded_lines": 0, "num_branches": 2, "num_partial_branches": 1, "covered_branches": 1, "missing_branches": 1}, "missing_lines": [35, 40], "excluded_lines": []}, "requests\\cookies.py": {"executed_lines": [1, 10, 11, 12, 14, 15, 17, 18, 23, 24, 35, 40, 43, 46, 49, 69, 72, 75, 78, 84, 87, 90, 91, 94, 95, 98, 99, 103, 104, 110, 117, 120, 124, 140, 151, 170, 171, 176, 177, 194, 206, 225, 234, 242, 251, 259, 268, 277, 285, 293, 306, 321, 327, 336, 343, 349, 358, 366, 386, 415, 422, 428, 435, 440, 455, 492, 521, 542], "summary": {"covered_lines": 63, "num_statements": 239, "percent_covered": 20.579710144927535, "percent_covered_display": "21", "missing_lines": 176, "excluded_lines": 0, "num_branches": 106, "num_partial_branches": 0, "covered_branches": 8, "missing_branches": 98}, "missing_lines": [19, 20, 36, 37, 38, 41, 44, 47, 52, 53, 55, 56, 58, 70, 73, 76, 80, 85, 88, 92, 96, 100, 115, 118, 121, 131, 132, 134, 136, 137, 146, 147, 148, 156, 157, 158, 159, 160, 161, 162, 163, 164, 166, 167, 201, 202, 203, 204, 212, 213, 216, 218, 219, 221, 222, 223, 231, 232, 240, 248, 249, 257, 265, 266, 275, 279, 280, 281, 282, 283, 287, 288, 289, 290, 291, 299, 300, 301, 302, 303, 304, 313, 314, 315, 318, 319, 322, 323, 324, 325, 334, 341, 347, 350, 355, 356, 360, 361, 362, 364, 378, 379, 380, 381, 382, 384, 398, 399, 400, 401, 402, 403, 405, 409, 411, 412, 413, 417, 419, 420, 424, 425, 426, 430, 431, 432, 433, 437, 441, 442, 444, 446, 448, 449, 450, 451, 452, 461, 477, 478, 479, 483, 484, 485, 486, 487, 489, 495, 496, 497, 498, 499, 500, 501, 502, 503, 504, 530, 531, 533, 534, 535, 536, 537, 539, 549, 550, 552, 553, 554, 555, 556, 557, 558, 559, 561], "excluded_lines": []}, "requests\\exceptions.py": {"executed_lines": [1, 7, 9, 12, 13, 17, 27, 28, 31, 32, 34, 45, 46, 49, 50, 53, 54, 57, 58, 61, 62, 70, 71, 77, 78, 81, 82, 85, 86, 89, 90, 93, 94, 97, 98, 101, 102, 105, 106, 109, 110, 113, 114, 117, 118, 121, 122, 125, 126, 132, 133, 136, 137, 140, 141], "summary": {"covered_lines": 29, "num_statements": 37, "percent_covered": 88.76404494382022, "percent_covered_display": "89", "missing_lines": 8, "excluded_lines": 0, "num_branches": 52, "num_partial_branches": 0, "covered_branches": 50, "missing_branches": 2}, "missing_lines": [19, 20, 21, 22, 23, 24, 41, 42], "excluded_lines": []}, "requests\\help.py": {"executed_lines": [1, 3, 4, 5, 6, 8, 9, 11, 13, 14, 18, 19, 20, 21, 23, 24, 25, 26, 27, 28, 34, 69, 128, 133], "summary": {"covered_lines": 23, "num_statements": 62, "percent_covered": 30.0, "percent_covered_display": "30", "missing_lines": 39, "excluded_lines": 0, "num_branches": 18, "num_partial_branches": 1, "covered_branches": 1, "missing_branches": 17}, "missing_lines": [15, 16, 30, 31, 45, 47, 48, 49, 50, 55, 56, 59, 60, 61, 62, 64, 66, 71, 72, 76, 77, 82, 83, 84, 85, 86, 87, 88, 89, 91, 95, 96, 100, 103, 107, 108, 110, 130, 134], "excluded_lines": []}, "requests\\hooks.py": {"executed_lines": [1, 12, 15, 16, 22], "summary": {"covered_lines": 4, "num_statements": 14, "percent_covered": 25.0, "percent_covered_display": "25", "missing_lines": 10, "excluded_lines": 0, "num_branches": 10, "num_partial_branches": 0, "covered_branches": 2, "missing_branches": 8}, "missing_lines": [24, 25, 26, 27, 28, 29, 30, 31, 32, 33], "excluded_lines": []}, "requests\\models.py": {"executed_lines": [1, 8, 13, 14, 16, 23, 24, 25, 27, 28, 29, 38, 39, 40, 41, 49, 50, 51, 52, 53, 54, 55, 56, 71, 79, 80, 81, 84, 85, 86, 106, 107, 136, 137, 206, 207, 218, 230, 231, 258, 293, 296, 314, 315, 335, 352, 380, 383, 394, 400, 401, 410, 484, 495, 573, 589, 611, 631, 641, 642, 646, 659, 706, 709, 712, 720, 728, 731, 741, 751, 755, 756, 770, 771, 777, 778, 785, 786, 790, 791, 795, 853, 887, 888, 906, 907, 944, 977, 978, 994, 1023], "summary": {"covered_lines": 87, "num_statements": 455, "percent_covered": 14.854517611026033, "percent_covered_display": "15", "missing_lines": 368, "excluded_lines": 0, "num_branches": 198, "num_partial_branches": 0, "covered_branches": 10, "missing_branches": 188}, "missing_lines": [89, 91, 93, 94, 95, 97, 99, 100, 101, 102, 104, 115, 116, 117, 118, 119, 120, 121, 122, 123, 124, 125, 126, 132, 134, 146, 147, 148, 149, 151, 152, 153, 155, 156, 157, 158, 159, 161, 162, 164, 173, 175, 176, 177, 178, 179, 180, 181, 183, 185, 186, 188, 189, 190, 191, 192, 193, 195, 197, 198, 199, 201, 203, 210, 211, 213, 214, 215, 216, 223, 224, 225, 226, 227, 273, 274, 275, 276, 277, 279, 280, 281, 283, 284, 285, 286, 287, 288, 289, 290, 291, 294, 298, 299, 311, 337, 339, 341, 344, 346, 348, 350, 367, 368, 369, 370, 371, 372, 378, 381, 384, 385, 386, 387, 388, 389, 390, 391, 392, 396, 397, 398, 402, 404, 405, 406, 407, 408, 417, 418, 420, 423, 428, 429, 430, 433, 434, 435, 436, 438, 439, 444, 445, 451, 452, 453, 454, 455, 456, 457, 460, 461, 462, 463, 464, 465, 468, 469, 471, 472, 474, 475, 476, 477, 479, 481, 482, 487, 488, 489, 491, 492, 493, 502, 503, 505, 508, 510, 511, 512, 513, 515, 516, 518, 525, 526, 527, 528, 529, 531, 533, 537, 538, 539, 542, 544, 545, 549, 550, 552, 555, 556, 558, 559, 560, 561, 563, 565, 568, 569, 571, 575, 576, 577, 580, 581, 587, 593, 594, 595, 597, 598, 600, 603, 606, 609, 622, 623, 625, 627, 628, 629, 636, 637, 638, 660, 661, 662, 665, 670, 675, 678, 681, 686, 689, 692, 700, 704, 707, 710, 715, 716, 718, 721, 722, 725, 726, 729, 739, 749, 753, 764, 765, 766, 767, 768, 775, 780, 788, 793, 812, 814, 815, 816, 817, 818, 819, 820, 821, 822, 823, 824, 828, 829, 830, 831, 833, 835, 836, 837, 838, 842, 844, 846, 848, 849, 851, 863, 865, 869, 870, 872, 873, 875, 877, 878, 880, 882, 884, 885, 891, 893, 894, 896, 897, 899, 901, 904, 920, 921, 923, 924, 927, 928, 931, 932, 933, 940, 942, 952, 957, 958, 959, 960, 961, 966, 967, 968, 970, 971, 972, 975, 981, 983, 985, 986, 988, 989, 990, 992, 997, 998, 1003, 1004, 1005, 1006, 1008, 1010, 1011, 1015, 1016, 1020, 1021, 1029, 1030, 1032, 1033, 1034], "excluded_lines": []}, "requests\\packages.py": {"executed_lines": [1, 3, 4, 5, 6, 8, 10, 15, 16, 19, 20, 21, 23, 24, 25, 26, 27], "summary": {"covered_lines": 17, "num_statements": 17, "percent_covered": 100.0, "percent_covered_display": "100", "missing_lines": 0, "excluded_lines": 0, "num_branches": 10, "num_partial_branches": 0, "covered_branches": 10, "missing_branches": 0}, "missing_lines": [], "excluded_lines": []}, "requests\\sessions.py": {"executed_lines": [1, 8, 9, 10, 11, 12, 14, 15, 16, 17, 18, 24, 30, 33, 39, 40, 41, 55, 56, 61, 91, 106, 107, 127, 159, 283, 303, 332, 355, 356, 374, 389, 451, 454, 457, 500, 591, 602, 613, 624, 637, 649, 661, 671, 749, 780, 794, 799, 810, 814, 819], "summary": {"covered_lines": 49, "num_statements": 268, "percent_covered": 14.516129032258064, "percent_covered_display": "15", "missing_lines": 219, "excluded_lines": 0, "num_branches": 104, "num_partial_branches": 1, "covered_branches": 5, "missing_branches": 99}, "missing_lines": [58, 67, 68, 70, 71, 74, 77, 79, 80, 84, 85, 86, 88, 97, 98, 100, 101, 103, 115, 116, 123, 124, 125, 129, 130, 131, 132, 137, 143, 146, 147, 148, 149, 154, 157, 173, 175, 176, 177, 178, 182, 183, 185, 186, 187, 188, 190, 191, 196, 199, 200, 201, 204, 205, 206, 207, 208, 209, 214, 215, 217, 219, 221, 224, 229, 230, 231, 232, 234, 235, 240, 241, 242, 245, 246, 251, 256, 257, 260, 262, 263, 266, 277, 280, 281, 288, 289, 291, 296, 299, 300, 301, 315, 316, 317, 319, 320, 322, 323, 324, 325, 327, 328, 330, 336, 339, 340, 344, 345, 349, 350, 352, 394, 398, 403, 406, 411, 414, 424, 428, 434, 438, 444, 447, 448, 449, 452, 455, 467, 470, 471, 474, 479, 480, 481, 483, 484, 498, 561, 573, 575, 577, 582, 586, 587, 589, 599, 600, 610, 611, 621, 622, 635, 647, 659, 669, 678, 679, 680, 681, 682, 686, 687, 690, 691, 692, 695, 698, 701, 704, 705, 708, 711, 714, 715, 717, 720, 722, 723, 725, 728, 730, 732, 733, 736, 737, 738, 741, 742, 744, 745, 747, 756, 758, 759, 760, 761, 765, 766, 773, 774, 775, 776, 778, 786, 788, 789, 792, 796, 797, 804, 805, 807, 808, 811, 812, 815, 816, 831], "excluded_lines": []}, "requests\\status_codes.py": {"executed_lines": [1, 21, 23, 106, 109, 110, 111, 112, 113, 114, 116, 117, 118, 121, 128], "summary": {"covered_lines": 14, "num_statements": 14, "percent_covered": 100.0, "percent_covered_display": "100", "missing_lines": 0, "excluded_lines": 0, "num_branches": 10, "num_partial_branches": 0, "covered_branches": 10, "missing_branches": 0}, "missing_lines": [], "excluded_lines": []}, "requests\\structures.py": {"executed_lines": [1, 8, 10, 13, 14, 40, 41, 42, 43, 44, 46, 49, 51, 54, 57, 60, 63, 67, 76, 79, 83, 84, 86, 87, 88, 90, 93, 98], "summary": {"covered_lines": 25, "num_statements": 39, "percent_covered": 60.78431372549019, "percent_covered_display": "61", "missing_lines": 14, "excluded_lines": 0, "num_branches": 12, "num_partial_branches": 0, "covered_branches": 6, "missing_branches": 6}, "missing_lines": [52, 55, 58, 61, 65, 68, 69, 71, 73, 77, 80, 91, 96, 99], "excluded_lines": []}, "requests\\utils.py": {"executed_lines": [1, 9, 10, 11, 12, 13, 14, 15, 16, 17, 18, 19, 20, 22, 24, 25, 28, 29, 37, 38, 47, 48, 54, 56, 58, 60, 63, 68, 71, 107, 119, 128, 194, 251, 258, 295, 296, 308, 335, 365, 397, 432, 457, 472, 483, 508, 533, 558, 575, 585, 625, 630, 654, 676, 691, 702, 713, 737, 738, 759, 819, 831, 857, 884, 893, 907, 945, 946, 947, 950, 982, 1011, 1027, 1046, 1054, 1071], "summary": {"covered_lines": 75, "num_statements": 482, "percent_covered": 10.919540229885058, "percent_covered_display": "11", "missing_lines": 407, "excluded_lines": 0, "num_branches": 214, "num_partial_branches": 1, "covered_branches": 1, "missing_branches": 213}, "missing_lines": [72, 73, 74, 75, 77, 78, 83, 85, 86, 87, 88, 89, 94, 96, 97, 98, 99, 100, 101, 102, 103, 104, 105, 113, 114, 116, 122, 123, 125, 129, 130, 132, 133, 135, 136, 138, 139, 140, 141, 145, 147, 151, 152, 164, 165, 166, 167, 172, 173, 175, 177, 179, 180, 184, 185, 186, 188, 189, 191, 197, 198, 199, 201, 203, 204, 206, 208, 209, 210, 211, 215, 217, 218, 219, 222, 223, 225, 229, 230, 231, 232, 234, 235, 236, 238, 239, 240, 243, 244, 247, 248, 253, 254, 255, 263, 265, 269, 270, 271, 272, 275, 276, 278, 279, 281, 282, 283, 286, 287, 288, 290, 291, 292, 298, 299, 300, 301, 302, 303, 304, 305, 326, 327, 329, 330, 332, 352, 353, 355, 356, 358, 359, 361, 388, 389, 390, 391, 392, 393, 419, 420, 421, 422, 423, 424, 425, 426, 427, 428, 440, 445, 452, 453, 454, 464, 466, 467, 469, 480, 488, 497, 498, 499, 501, 516, 517, 518, 519, 521, 522, 523, 524, 525, 526, 527, 528, 529, 530, 540, 542, 543, 545, 547, 548, 550, 551, 553, 555, 561, 562, 563, 565, 566, 567, 568, 569, 570, 571, 572, 577, 578, 579, 580, 581, 582, 597, 606, 609, 611, 612, 613, 614, 615, 618, 619, 620, 621, 636, 637, 638, 639, 640, 641, 642, 643, 645, 646, 648, 650, 651, 662, 663, 664, 668, 669, 673, 684, 685, 686, 687, 688, 698, 699, 706, 707, 708, 709, 710, 719, 720, 721, 722, 723, 725, 726, 728, 729, 730, 731, 733, 734, 745, 746, 747, 748, 749, 750, 752, 753, 754, 756, 767, 768, 772, 773, 774, 775, 777, 779, 781, 784, 786, 787, 788, 789, 790, 791, 794, 796, 797, 798, 800, 801, 804, 806, 808, 809, 810, 811, 813, 814, 816, 825, 826, 828, 837, 838, 839, 840, 842, 848, 849, 850, 851, 852, 854, 868, 869, 870, 871, 872, 874, 875, 877, 879, 880, 881, 890, 897, 915, 917, 919, 920, 921, 923, 924, 925, 926, 927, 929, 931, 932, 933, 934, 935, 937, 939, 941, 957, 958, 959, 960, 961, 962, 963, 964, 965, 966, 967, 968, 969, 970, 971, 973, 974, 975, 976, 977, 979, 988, 989, 995, 996, 997, 999, 1002, 1003, 1004, 1005, 1006, 1008, 1017, 1019, 1020, 1021, 1022, 1024, 1033, 1035, 1036, 1037, 1042, 1043, 1047, 1048, 1060, 1063, 1064, 1066, 1068, 1075, 1076, 1079, 1080, 1081, 1082, 1086], "excluded_lines": []}}, "totals": {"covered_lines": 567, "num_statements": 2166, "percent_covered": 22.43966079582518, "percent_covered_display": "22", "missing_lines": 1599, "excluded_lines": 0, "num_branches": 900, "num_partial_branches": 9, "covered_branches": 121, "missing_branches": 779}}